<?xml version='1.0' encoding='UTF-8'?>
<testsuite hostname="jasonleehodges-Galago-Pro" name="os.nebula.UtilitiesSpec" tests="1" errors="0" failures="0" skipped="0" time="0.011" timestamp="2019-04-14T00:16:35">
                     <properties>
[...]
</properties>
                     <testcase classname="os.nebula.UtilitiesSpec" name="When calling the add command and passing 2 + 2 should equal 4" time="0.011">
                                                 
                                               </testcase>
                     <system-out><![CDATA[]]></system-out>
                     <system-err><![CDATA[]]></system-err>
                   </testsuite>